Arguments: 
  /usr/local/bin/node /usr/local/Cellar/yarn/1.5.1_1/libexec/bin/yarn.js gulp dev

PATH: 
  /usr/local/bin:/usr/bin:/bin:/usr/sbin:/sbin

Yarn version: 
  1.5.1

Node version: 
  8.9.4

Platform: 
  darwin x64

npm manifest: 
  {
      "title": "Resume",
      "name": "startbootstrap-resume",
      "version": "4.0.0",
      "description": "Resume is a simple, yet elegant resume and CV theme for Bootstrap 4.",
      "keywords": [
          "css",
          "sass",
          "html",
          "responsive",
          "theme",
          "template"
      ],
      "homepage": "https://startbootstrap.com/template-overviews/resume",
      "bugs": {
          "url": "https://github.com/BlackrockDigital/startbootstrap-resume/issues",
          "email": "feedback@startbootstrap.com"
      },
      "license": "MIT",
      "author": "Start Bootstrap",
      "contributors": [
          "David Miller (http://davidmiller.io/)"
      ],
      "repository": {
          "type": "git",
          "url": "https://github.com/BlackrockDigital/startbootstrap-resume.git"
      },
      "dependencies": {
          "bootstrap": "4.0.0",
          "devicons": "^1.8.0",
          "jquery": "3.3.1",
          "simple-line-icons": "^2.4.1"
      },
      "devDependencies": {
          "browser-sync": "2.23.6",
          "gulp": "^3.9.1",
          "gulp-clean-css": "3.9.2",
          "gulp-header": "2.0.1",
          "gulp-rename": "^1.2.2",
          "gulp-sass": "^3.1.0",
          "gulp-uglify": "3.0.0"
      }
  }

yarn manifest: 
  No manifest

Lockfile: 
  No lockfile

Trace: 
  Error: Command failed.
  Exit code: 1
  Command: sh
  Arguments: -c /Users/rachelruff/DevMountain/projects/portfolio/portfolio/node_modules/.bin/gulp dev
  Directory: /Users/rachelruff/DevMountain/projects/portfolio/portfolio
  Output:
  
      at ProcessTermError.MessageError (/usr/local/Cellar/yarn/1.5.1_1/libexec/lib/cli.js:186:110)
      at new ProcessTermError (/usr/local/Cellar/yarn/1.5.1_1/libexec/lib/cli.js:226:113)
      at ChildProcess.<anonymous> (/usr/local/Cellar/yarn/1.5.1_1/libexec/lib/cli.js:30281:17)
      at emitTwo (events.js:126:13)
      at ChildProcess.emit (events.js:214:7)
      at maybeClose (internal/child_process.js:925:16)
      at Process.ChildProcess._handle.onexit (internal/child_process.js:209:5)
